-------------------------------------------------------------------------------
Test set: com.danielsimonchin.test.crudtests.CrudTests
-------------------------------------------------------------------------------
Tests run: 1, Failures: 0, Errors: 1, Skipped: 0, Time elapsed: 10.033 s <<< FAILURE! - in com.danielsimonchin.test.crudtests.CrudTests
testEmailCreate  Time elapsed: 10.03 s  <<< ERROR!
java.sql.SQLException: No suitable driver found for jdbc:mysql://localhost:3306?zeroDateTimeBehavior=CONVERT_TO_NULL
	at com.danielsimonchin.test.crudtests.CrudTests.testEmailCreate(CrudTests.java:118)

