<?xml version="1.0" encoding="UTF-8"?>
<testsuite xmlns:xsi="http://www.w3.org/2001/XMLSchema-instance" xsi:noNamespaceSchemaLocation="https://maven.apache.org/surefire/maven-surefire-plugin/xsd/surefire-test-report.xsd" name="com.danielsimonchin.test.crudtests.CrudTests" time="10.033" tests="1" errors="1" skipped="0" failures="0">
  <properties>
[...]
</properties>
  <testcase name="testEmailCreate" classname="com.danielsimonchin.test.crudtests.CrudTests" time="10.03">
    <error message="No suitable driver found for jdbc:mysql://localhost:3306?zeroDateTimeBehavior=CONVERT_TO_NULL" type="java.sql.SQLException">java.sql.SQLException: No suitable driver found for jdbc:mysql://localhost:3306?zeroDateTimeBehavior=CONVERT_TO_NULL
	at com.danielsimonchin.test.crudtests.CrudTests.testEmailCreate(CrudTests.java:118)
</error>
    <system-out><![CDATA[[INFO ] 2020-09-29 22:12:34.815 [main] SendAndReceive - Email sent
]]></system-out>
  </testcase>
</testsuite>