<?xml version="1.0" encoding="UTF-8"?>
<testsuite xmlns:xsi="http://www.w3.org/2001/XMLSchema-instance" xsi:noNamespaceSchemaLocation="https://maven.apache.org/surefire/maven-surefire-plugin/xsd/surefire-test-report.xsd" name="com.danielsimonchin.test.crudtests.CrudTests" time="169.775" tests="35" errors="0" skipped="0" failures="0">
  <properties>
[...]
</properties>
  <testcase name="testSendDraftNoRecipients" classname="com.danielsimonchin.test.crudtests.CrudTests" time="5.328"/>
  <testcase name="testEmailCreateWithDraftEmail" classname="com.danielsimonchin.test.crudtests.CrudTests" time="4.552"/>
  <testcase name="testUpdateFolderToDraftError" classname="com.danielsimonchin.test.crudtests.CrudTests" time="3.902"/>
  <testcase name="testFindAllInSentFolder" classname="com.danielsimonchin.test.crudtests.CrudTests" time="4.363"/>
  <testcase name="testFindByRecipientsUnkownAddress" classname="com.danielsimonchin.test.crudtests.CrudTests" time="4.566"/>
  <testcase name="testFolderAlreadyExists" classname="com.danielsimonchin.test.crudtests.CrudTests" time="4.019"/>
  <testcase name="testFindAll" classname="com.danielsimonchin.test.crudtests.CrudTests" time="4.102"/>
  <testcase name="testFindBySubjectCheckContents" classname="com.danielsimonchin.test.crudtests.CrudTests" time="4.157"/>
  <testcase name="testFindAllAfterAddingAnEmail" classname="com.danielsimonchin.test.crudtests.CrudTests" time="4.958"/>
  <testcase name="testCannotRenameFolderInbox" classname="com.danielsimonchin.test.crudtests.CrudTests" time="4.314"/>
  <testcase name="testSendDraftEmail" classname="com.danielsimonchin.test.crudtests.CrudTests" time="5.153"/>
  <testcase name="testFindAllCompareContent" classname="com.danielsimonchin.test.crudtests.CrudTests" time="6.354"/>
  <testcase name="testCannotRenameFolderSent" classname="com.danielsimonchin.test.crudtests.CrudTests" time="3.502"/>
  <testcase name="testRenameFolderSameName" classname="com.danielsimonchin.test.crudtests.CrudTests" time="3.689"/>
  <testcase name="testFindAllInFolderAfterFolderCreation" classname="com.danielsimonchin.test.crudtests.CrudTests" time="4.33"/>
  <testcase name="testSendEmptyDraft" classname="com.danielsimonchin.test.crudtests.CrudTests" time="4.036"/>
  <testcase name="deleteFolderThrowTest" classname="com.danielsimonchin.test.crudtests.CrudTests" time="3.731"/>
  <testcase name="testFindById" classname="com.danielsimonchin.test.crudtests.CrudTests" time="5.995"/>
  <testcase name="testUpdateFolderToInbox" classname="com.danielsimonchin.test.crudtests.CrudTests" time="6.85"/>
  <testcase name="testFindByIdDraft" classname="com.danielsimonchin.test.crudtests.CrudTests" time="5.333"/>
  <testcase name="testUpdateDraftEmail" classname="com.danielsimonchin.test.crudtests.CrudTests" time="4.473"/>
  <testcase name="testRenameFolder" classname="com.danielsimonchin.test.crudtests.CrudTests" time="3.875"/>
  <testcase name="testFindBySubjectNoResultsFound" classname="com.danielsimonchin.test.crudtests.CrudTests" time="4.465"/>
  <testcase name="testEmailCreate" classname="com.danielsimonchin.test.crudtests.CrudTests" time="5.373"/>
  <testcase name="testDeleteById" classname="com.danielsimonchin.test.crudtests.CrudTests" time="6.341"/>
  <testcase name="testFindBySubject" classname="com.danielsimonchin.test.crudtests.CrudTests" time="4.756"/>
  <testcase name="testFolderCreateAndThrow" classname="com.danielsimonchin.test.crudtests.CrudTests" time="4.554"/>
  <testcase name="testFolderCreationWithSpecialCharacters" classname="com.danielsimonchin.test.crudtests.CrudTests" time="3.887"/>
  <testcase name="testFolderCreation" classname="com.danielsimonchin.test.crudtests.CrudTests" time="3.412"/>
  <testcase name="testEmailCreateWithReceivedEmail" classname="com.danielsimonchin.test.crudtests.CrudTests" time="15.703"/>
  <testcase name="testFindByRecipient" classname="com.danielsimonchin.test.crudtests.CrudTests" time="3.736"/>
  <testcase name="testFindAllInDraftFolder" classname="com.danielsimonchin.test.crudtests.CrudTests" time="3.412"/>
  <testcase name="testFindByRecipientCheckContents" classname="com.danielsimonchin.test.crudtests.CrudTests" time="4.429"/>
  <testcase name="deleteFolderTest" classname="com.danielsimonchin.test.crudtests.CrudTests" time="4.066"/>
  <testcase name="testEmailCreateWithUnkownRecipients" classname="com.danielsimonchin.test.crudtests.CrudTests" time="4.05"/>
</testsuite>